# JRE version: Java(TM) SE Runtime Environment (15.0.1+9) (build 15.0.1+9-18)
# Java VM: Java HotSpot(TM) 64-Bit Server VM (15.0.1+9-18, mixed mode, sharing, tiered, compressed oops, g1 gc, windows-amd64)
GC Precious Log:
 CPUs: 4 total, 4 available
 Memory: 4015M
 Large Page Support: Disabled
 NUMA Support: Disabled
 Compressed Oops: Enabled (32-bit)
 Heap Region Size: 1M
 Heap Min Capacity: 8M
 Heap Initial Capacity: 64M
 Heap Max Capacity: 1004M
 Pre-touch: Disabled
 Parallel Workers: 4
 Concurrent Workers: 1
 Concurrent Refinement Workers: 4
 Periodic GC: Disabled
Heap:
 garbage-first heap   total 65536K, used 24139K [0x00000000c1400000, 0x0000000100000000)
  region size 1024K, 20 young (20480K), 3 survivors (3072K)
 Metaspace       used 17368K, capacity 17624K, committed 17792K, reserved 1064960K
  class space    used 2027K, capacity 2118K, committed 2176K, reserved 1048576K
GC Heap History (6 events):
Event: 2.080 GC heap before
{Heap before GC invocations=0 (full 0):
 garbage-first heap   total 65536K, used 12288K [0x00000000c1400000, 0x0000000100000000)
  region size 1024K, 13 young (13312K), 0 survivors (0K)
 Metaspace       used 3176K, capacity 5672K, committed 5760K, reserved 1056768K
  class space    used 350K, capacity 572K, committed 640K, reserved 1048576K
}
Event: 2.089 GC heap after
{Heap after GC invocations=1 (full 0):
 garbage-first heap   total 65536K, used 4727K [0x00000000c1400000, 0x0000000100000000)
  region size 1024K, 2 young (2048K), 2 survivors (2048K)
 Metaspace       used 3176K, capacity 5672K, committed 5760K, reserved 1056768K
  class space    used 350K, capacity 572K, committed 640K, reserved 1048576K
}
Event: 2.704 GC heap before
{Heap before GC invocations=1 (full 0):
 garbage-first heap   total 65536K, used 13943K [0x00000000c1400000, 0x0000000100000000)
  region size 1024K, 12 young (12288K), 2 survivors (2048K)
 Metaspace       used 6047K, capacity 7779K, committed 8064K, reserved 1056768K
  class space    used 632K, capacity 784K, committed 896K, reserved 1048576K
}
Event: 2.708 GC heap after
{Heap after GC invocations=2 (full 0):
 garbage-first heap   total 65536K, used 5532K [0x00000000c1400000, 0x0000000100000000)
  region size 1024K, 1 young (1024K), 1 survivors (1024K)
 Metaspace       used 6047K, capacity 7779K, committed 8064K, reserved 1056768K
  class space    used 632K, capacity 784K, committed 896K, reserved 1048576K
}
Event: 5.566 GC heap before
{Heap before GC invocations=2 (full 0):
 garbage-first heap   total 65536K, used 28060K [0x00000000c1400000, 0x0000000100000000)
  region size 1024K, 23 young (23552K), 1 survivors (1024K)
 Metaspace       used 12663K, capacity 12901K, committed 13056K, reserved 1060864K
  class space    used 1444K, capacity 1526K, committed 1536K, reserved 1048576K
}
Event: 5.575 GC heap after
{Heap after GC invocations=3 (full 0):
 garbage-first heap   total 65536K, used 7755K [0x00000000c1400000, 0x0000000100000000)
  region size 1024K, 3 young (3072K), 3 survivors (3072K)
 Metaspace       used 12663K, capacity 12901K, committed 13056K, reserved 1060864K
  class space    used 1444K, capacity 1526K, committed 1536K, reserved 1048576K
}

